Vivado Simulator v2024.1
Copyright 1986-2022 Xilinx, Inc. All Rights Reserved.
Copyright 2022-2024 Advanced Micro Devices, Inc. All Rights Reserved.
Running: C:/Xilinx/Vivado/2024.1/bin/unwrapped/win64.o/xelab.exe --incr --debug typical --relax --mt 2 -L xil_defaultlib -L unisims_ver -L unimacro_ver -L secureip --snapshot Adder_Subtractor_tb_behav xil_defaultlib.Adder_Subtractor_tb xil_defaultlib.glbl -log elaborate.log 
Using 2 slave threads.
Starting static elaboration
Pass Through NonSizing Optimizer
WARNING: [VRFC 10-3091] actual bit length 1 differs from formal bit length 4 for port 'cout' [E:/Verilog/Self/Adder_Subtractor/Adder_Subtractor.srcs/sources_1/new/Adder_Subtractor.v:50]
WARNING: [VRFC 10-3091] actual bit length 4 differs from formal bit length 1 for port 'cout' [E:/Verilog/lab/full_adder/full_adder.srcs/sources_1/new/RCA_4bit_2.v:32]
WARNING: [VRFC 10-3091] actual bit length 1 differs from formal bit length 4 for port 'cout' [E:/Verilog/Self/Adder_Subtractor/Adder_Subtractor.srcs/sources_1/new/Adder_Subtractor.v:51]
Completed static elaboration
Starting simulation data flow analysis
Completed simulation data flow analysis
Time Resolution for simulation is 1ps
Compiling module xil_defaultlib.FA_struct
Compiling module xil_defaultlib.RCA_4bit_2
Compiling module xil_defaultlib.Adder_Subtractor
Compiling module xil_defaultlib.Adder_Subtractor_tb
Compiling module xil_defaultlib.glbl
Built simulation snapshot Adder_Subtractor_tb_behav
